=== Session de logging démarrée le 2025-06-10 17:15:51 ===
[2025-06-10 17:15:51] INFO - Stratégie de logging changée: Fichier
[2025-06-10 17:15:52] DEBUG - Début du dessin à (360,80, 127,20)
[2025-06-10 17:15:53] INFO - Forme ajoutée: Rectangle[x=360,80, y=127,20, width=148,80, height=172,80, color=0x000000ff]
[2025-06-10 17:15:53] INFO - 2D Rectangle added at (360,80, 127,20)
[2025-06-10 17:15:53] DEBUG - Clic de souris à (509,60, 300,00) - Mode: NORMAL, Click Count: 1
[2025-06-10 17:15:53] DEBUG - Début du dessin à (204,80, 320,00)
[2025-06-10 17:15:53] INFO - Forme ajoutée: Rectangle[x=194,40, y=320,00, width=10,40, height=134,40, color=0x000000ff]
[2025-06-10 17:15:53] INFO - 2D Rectangle added at (194,40, 320,00)
[2025-06-10 17:15:53] DEBUG - Clic de souris à (194,40, 454,40) - Mode: NORMAL, Click Count: 1
[2025-06-10 17:15:54] DEBUG - Début du dessin à (375,20, 480,00)
[2025-06-10 17:15:54] INFO - Forme ajoutée: Rectangle[x=375,20, y=480,00, width=170,40, height=36,00, color=0x000000ff]
[2025-06-10 17:15:54] INFO - 2D Rectangle added at (375,20, 480,00)
[2025-06-10 17:15:54] DEBUG - Clic de souris à (545,60, 516,00) - Mode: NORMAL, Click Count: 1
[2025-06-10 17:15:54] DEBUG - Début du dessin à (661,60, 426,40)
[2025-06-10 17:15:55] INFO - Forme ajoutée: Rectangle[x=583,20, y=345,60, width=78,40, height=80,80, color=0x000000ff]
[2025-06-10 17:15:55] INFO - 2D Rectangle added at (583,20, 345,60)
[2025-06-10 17:15:55] DEBUG - Clic de souris à (583,20, 345,60) - Mode: NORMAL, Click Count: 1
[2025-06-10 17:15:57] INFO - Dimension type set to: D3
[2025-06-10 17:15:57] DEBUG - Début du dessin à (143,20, 313,60)
[2025-06-10 17:15:57] INFO - Forme ajoutée: Rectangle3D[x=143,20, y=313,60, color=0x000000ff]
[2025-06-10 17:15:57] INFO - 3D Rectangle added at (143,20, 313,60)
[2025-06-10 17:15:57] DEBUG - Clic de souris à (200,80, 384,80) - Mode: NORMAL, Click Count: 1
[2025-06-10 17:17:35] DEBUG - Début du dessin à (144,80, 84,80)
[2025-06-10 17:17:35] INFO - Forme ajoutée: Rectangle3D[x=144,80, y=84,80, color=0x000000ff]
[2025-06-10 17:17:35] INFO - 3D Rectangle added at (144,80, 84,80)
[2025-06-10 17:17:35] DEBUG - Clic de souris à (365,60, 249,60) - Mode: NORMAL, Click Count: 1
[2025-06-10 17:17:36] DEBUG - Début du dessin à (365,60, 249,60)
[2025-06-10 17:17:36] INFO - Forme ajoutée: Rectangle3D[x=365,60, y=249,60, color=0x000000ff]
[2025-06-10 17:17:36] INFO - 3D Rectangle added at (365,60, 249,60)
[2025-06-10 17:17:36] DEBUG - Clic de souris à (456,00, 402,40) - Mode: NORMAL, Click Count: 1
[2025-06-10 17:17:36] DEBUG - Début du dessin à (663,20, 263,20)
[2025-06-10 17:17:37] INFO - Forme ajoutée: Rectangle3D[x=416,80, y=263,20, color=0x000000ff]
[2025-06-10 17:17:37] INFO - 3D Rectangle added at (416,80, 263,20)
[2025-06-10 17:17:37] DEBUG - Clic de souris à (416,80, 323,20) - Mode: NORMAL, Click Count: 1
[2025-06-10 17:17:37] DEBUG - Début du dessin à (136,80, 304,00)
[2025-06-10 17:17:37] INFO - Forme ajoutée: Rectangle3D[x=105,60, y=304,00, color=0x000000ff]
[2025-06-10 17:17:37] INFO - 3D Rectangle added at (105,60, 304,00)
[2025-06-10 17:17:37] DEBUG - Clic de souris à (105,60, 319,20) - Mode: NORMAL, Click Count: 1
[2025-06-10 17:22:24] INFO - Dessin ouvert depuis la base de données: new (ID: 1, 8 formes)
=== Session de logging terminée le 2025-06-10 17:23:08 ===
