=== NOUVEAU FICHIER DE LOG ===
=== Session démarrée le 2025-06-10 20:13:14 ===
=== Fichier: drawing_app_20250610_201314_350.log ===
=== Répertoire: C:\Users\HP\Downloads\modelisation Proj\modelisation\modelisation\modelisation\modelisation\logs ===
=== Basculement vers logging fichier ===

[2025-06-10 20:13:14] INFO - TEST: FileLogger créé et fonctionnel
[2025-06-10 20:13:14] INFO - TEST: Basculement vers logging fichier réussi
[2025-06-10 20:13:14] INFO - Stratégie de logging changée: Fichier
[2025-06-10 20:13:15] DEBUG - Début du dessin à (229,60, 172,00)
[2025-06-10 20:13:15] INFO - Forme ajoutée: Rectangle[x=229,60, y=172,00, width=0,00, height=0,00, color=0x000000ff]
[2025-06-10 20:13:15] INFO - 2D Rectangle added at (229,60, 172,00)
[2025-06-10 20:13:15] DEBUG - Clic de souris à (229,60, 172,00) - Mode: NORMAL, Click Count: 1
[2025-06-10 20:13:15] DEBUG - Début du dessin à (150,40, 148,00)
[2025-06-10 20:13:16] INFO - Forme ajoutée: Rectangle[x=150,40, y=148,00, width=101,60, height=61,60, color=0x000000ff]
[2025-06-10 20:13:16] INFO - 2D Rectangle added at (150,40, 148,00)
[2025-06-10 20:13:16] DEBUG - Clic de souris à (252,00, 209,60) - Mode: NORMAL, Click Count: 1
[2025-06-10 20:13:16] DEBUG - Début du dessin à (251,20, 206,40)
[2025-06-10 20:13:17] INFO - Forme ajoutée: Rectangle[x=251,20, y=206,40, width=113,60, height=26,40, color=0x000000ff]
[2025-06-10 20:13:17] INFO - 2D Rectangle added at (251,20, 206,40)
[2025-06-10 20:13:17] DEBUG - Clic de souris à (364,80, 232,80) - Mode: NORMAL, Click Count: 1
[2025-06-10 20:13:17] DEBUG - Début du dessin à (484,00, 219,20)
[2025-06-10 20:13:18] INFO - Forme ajoutée: Rectangle[x=484,00, y=219,20, width=112,80, height=33,60, color=0x000000ff]
[2025-06-10 20:13:18] INFO - 2D Rectangle added at (484,00, 219,20)
[2025-06-10 20:13:18] DEBUG - Clic de souris à (596,80, 252,80) - Mode: NORMAL, Click Count: 1
[2025-06-10 20:13:18] DEBUG - Début du dessin à (464,00, 137,60)
[2025-06-10 20:13:19] INFO - Forme ajoutée: Rectangle[x=464,00, y=137,60, width=68,80, height=12,00, color=0x000000ff]
[2025-06-10 20:13:19] INFO - 2D Rectangle added at (464,00, 137,60)
[2025-06-10 20:13:19] DEBUG - Clic de souris à (532,80, 149,60) - Mode: NORMAL, Click Count: 1
[2025-06-10 20:13:19] DEBUG - Début du dessin à (485,60, 103,20)
[2025-06-10 20:13:20] INFO - Forme ajoutée: Rectangle[x=412,00, y=68,00, width=73,60, height=35,20, color=0x000000ff]
[2025-06-10 20:13:20] INFO - 2D Rectangle added at (412,00, 68,00)
[2025-06-10 20:13:20] DEBUG - Clic de souris à (412,00, 68,00) - Mode: NORMAL, Click Count: 1
[2025-06-10 20:13:20] DEBUG - Début du dessin à (354,40, 72,80)
[2025-06-10 20:13:20] INFO - Forme ajoutée: Rectangle[x=236,00, y=72,80, width=118,40, height=1,60, color=0x000000ff]
[2025-06-10 20:13:20] INFO - 2D Rectangle added at (236,00, 72,80)
[2025-06-10 20:13:20] DEBUG - Clic de souris à (236,00, 74,40) - Mode: NORMAL, Click Count: 1
[2025-06-10 20:13:21] DEBUG - Début du dessin à (167,20, 94,40)
[2025-06-10 20:13:21] INFO - Forme ajoutée: Rectangle[x=100,80, y=94,40, width=66,40, height=33,60, color=0x000000ff]
[2025-06-10 20:13:21] INFO - 2D Rectangle added at (100,80, 94,40)
[2025-06-10 20:13:21] DEBUG - Clic de souris à (100,80, 128,00) - Mode: NORMAL, Click Count: 1
[2025-06-10 20:13:22] DEBUG - Début du dessin à (146,40, 324,00)
[2025-06-10 20:13:22] INFO - Forme ajoutée: Rectangle[x=146,40, y=324,00, width=30,40, height=89,60, color=0x000000ff]
[2025-06-10 20:13:22] INFO - 2D Rectangle added at (146,40, 324,00)
[2025-06-10 20:13:22] DEBUG - Clic de souris à (176,80, 413,60) - Mode: NORMAL, Click Count: 1
[2025-06-10 20:13:23] DEBUG - Début du dessin à (269,60, 388,80)
[2025-06-10 20:13:23] INFO - Forme ajoutée: Rectangle[x=269,60, y=388,80, width=97,60, height=8,80, color=0x000000ff]
[2025-06-10 20:13:23] INFO - 2D Rectangle added at (269,60, 388,80)
[2025-06-10 20:13:23] DEBUG - Clic de souris à (367,20, 397,60) - Mode: NORMAL, Click Count: 1
=== Session de logging terminée le 2025-06-10 20:14:34 ===
