=== NOUVEAU FICHIER DE LOG ===
=== Session démarrée le 2025-06-10 20:09:29 ===
=== Fichier: drawing_app_20250610_200929_780.log ===
=== Répertoire: C:\Users\HP\Downloads\modelisation Proj\modelisation\modelisation\modelisation\modelisation\logs ===
=== Basculement vers logging fichier ===

[2025-06-10 20:09:29] INFO - TEST: FileLogger créé et fonctionnel
[2025-06-10 20:09:29] INFO - TEST: Basculement vers logging fichier réussi
[2025-06-10 20:09:29] INFO - Stratégie de logging changée: Fichier
[2025-06-10 20:09:31] DEBUG - Début du dessin à (240,80, 148,80)
[2025-06-10 20:09:31] INFO - Forme ajoutée: Rectangle[x=240,80, y=148,80, width=0,00, height=0,00, color=0x000000ff]
[2025-06-10 20:09:31] INFO - 2D Rectangle added at (240,80, 148,80)
[2025-06-10 20:09:31] DEBUG - Clic de souris à (240,80, 148,80) - Mode: NORMAL, Click Count: 1
[2025-06-10 20:09:31] DEBUG - Début du dessin à (240,80, 148,80)
[2025-06-10 20:09:31] INFO - Forme ajoutée: Rectangle[x=240,80, y=148,80, width=0,00, height=0,00, color=0x000000ff]
[2025-06-10 20:09:31] INFO - 2D Rectangle added at (240,80, 148,80)
[2025-06-10 20:09:31] DEBUG - Clic de souris à (240,80, 148,80) - Mode: NORMAL, Click Count: 2
[2025-06-10 20:09:31] INFO - Forme supprimée: Rectangle[x=240,80, y=148,80, width=0,00, height=0,00, color=0x000000ff]
[2025-06-10 20:09:31] INFO - Forme supprimée par double-clic: Rectangle[x=240,80, y=148,80, width=0,00, height=0,00, color=0x000000ff]
[2025-06-10 20:09:32] DEBUG - Début du dessin à (240,80, 148,80)
[2025-06-10 20:09:32] INFO - Forme ajoutée: Rectangle[x=240,80, y=148,80, width=0,00, height=0,00, color=0x000000ff]
[2025-06-10 20:09:32] INFO - 2D Rectangle added at (240,80, 148,80)
[2025-06-10 20:09:32] DEBUG - Clic de souris à (240,80, 148,80) - Mode: NORMAL, Click Count: 1
[2025-06-10 20:09:32] DEBUG - Début du dessin à (145,60, 148,80)
[2025-06-10 20:09:33] INFO - Forme ajoutée: Rectangle[x=145,60, y=148,80, width=244,80, height=106,40, color=0x000000ff]
[2025-06-10 20:09:33] INFO - 2D Rectangle added at (145,60, 148,80)
[2025-06-10 20:09:33] DEBUG - Clic de souris à (390,40, 255,20) - Mode: NORMAL, Click Count: 1
[2025-06-10 20:09:33] DEBUG - Début du dessin à (416,80, 400,80)
[2025-06-10 20:09:33] INFO - Forme ajoutée: Rectangle[x=416,80, y=400,80, width=382,40, height=70,40, color=0x000000ff]
[2025-06-10 20:09:33] INFO - 2D Rectangle added at (416,80, 400,80)
[2025-06-10 20:09:33] DEBUG - Clic de souris à (799,20, 471,20) - Mode: NORMAL, Click Count: 1
[2025-06-10 20:09:34] DEBUG - Début du dessin à (536,80, 169,60)
[2025-06-10 20:09:34] INFO - Forme ajoutée: Rectangle[x=536,80, y=169,60, width=243,20, height=91,20, color=0x000000ff]
[2025-06-10 20:09:34] INFO - 2D Rectangle added at (536,80, 169,60)
[2025-06-10 20:09:34] DEBUG - Clic de souris à (780,00, 260,80) - Mode: NORMAL, Click Count: 1
[2025-06-10 20:09:34] DEBUG - Début du dessin à (524,00, 100,00)
[2025-06-10 20:09:34] INFO - Forme ajoutée: Rectangle[x=524,00, y=100,00, width=81,60, height=72,00, color=0x000000ff]
[2025-06-10 20:09:34] INFO - 2D Rectangle added at (524,00, 100,00)
[2025-06-10 20:09:34] DEBUG - Clic de souris à (605,60, 172,00) - Mode: NORMAL, Click Count: 1
[2025-06-10 20:09:34] DEBUG - Début du dessin à (393,60, 0,00)
[2025-06-10 20:09:34] INFO - Forme ajoutée: Rectangle[x=393,60, y=0,00, width=14,40, height=106,40, color=0x000000ff]
[2025-06-10 20:09:34] INFO - 2D Rectangle added at (393,60, 0,00)
[2025-06-10 20:09:34] DEBUG - Clic de souris à (408,00, 106,40) - Mode: NORMAL, Click Count: 1
[2025-06-10 20:09:35] DEBUG - Début du dessin à (128,80, 168,80)
[2025-06-10 20:09:35] INFO - Forme ajoutée: Rectangle[x=128,80, y=168,80, width=7,20, height=4,00, color=0x000000ff]
[2025-06-10 20:09:35] INFO - 2D Rectangle added at (128,80, 168,80)
[2025-06-10 20:09:35] DEBUG - Clic de souris à (136,00, 172,80) - Mode: NORMAL, Click Count: 1
[2025-06-10 20:09:35] DEBUG - Début du dessin à (87,20, 84,80)
[2025-06-10 20:09:35] INFO - Forme ajoutée: Rectangle[x=87,20, y=84,80, width=118,40, height=199,20, color=0x000000ff]
[2025-06-10 20:09:35] INFO - 2D Rectangle added at (87,20, 84,80)
[2025-06-10 20:09:35] DEBUG - Clic de souris à (205,60, 284,00) - Mode: NORMAL, Click Count: 1
[2025-06-10 20:09:36] DEBUG - Début du dessin à (191,20, 20,80)
[2025-06-10 20:09:36] INFO - Forme ajoutée: Rectangle[x=191,20, y=20,80, width=302,40, height=247,20, color=0x000000ff]
[2025-06-10 20:09:36] INFO - 2D Rectangle added at (191,20, 20,80)
[2025-06-10 20:09:36] DEBUG - Clic de souris à (493,60, 268,00) - Mode: NORMAL, Click Count: 1
[2025-06-10 20:09:37] DEBUG - Début du dessin à (653,60, 474,40)
[2025-06-10 20:09:37] INFO - Forme ajoutée: Rectangle[x=653,60, y=474,40, width=12,00, height=28,80, color=0x000000ff]
[2025-06-10 20:09:37] INFO - 2D Rectangle added at (653,60, 474,40)
[2025-06-10 20:09:37] DEBUG - Clic de souris à (665,60, 503,20) - Mode: NORMAL, Click Count: 1
[2025-06-10 20:09:37] DEBUG - Début du dessin à (218,40, 377,60)
[2025-06-10 20:09:37] INFO - Forme ajoutée: Rectangle[x=218,40, y=377,60, width=190,40, height=111,20, color=0x000000ff]
[2025-06-10 20:09:37] INFO - 2D Rectangle added at (218,40, 377,60)
[2025-06-10 20:09:37] DEBUG - Clic de souris à (408,80, 488,80) - Mode: NORMAL, Click Count: 1
[2025-06-10 20:09:37] DEBUG - Début du dessin à (330,40, 375,20)
[2025-06-10 20:09:37] INFO - Forme ajoutée: Rectangle[x=330,40, y=375,20, width=12,00, height=1,60, color=0x000000ff]
[2025-06-10 20:09:37] INFO - 2D Rectangle added at (330,40, 375,20)
[2025-06-10 20:09:37] DEBUG - Clic de souris à (342,40, 376,80) - Mode: NORMAL, Click Count: 1
[2025-06-10 20:09:38] DEBUG - Début du dessin à (236,80, 200,00)
[2025-06-10 20:09:38] INFO - Forme ajoutée: Rectangle[x=236,80, y=200,00, width=176,00, height=152,80, color=0x000000ff]
[2025-06-10 20:09:38] INFO - 2D Rectangle added at (236,80, 200,00)
[2025-06-10 20:09:38] DEBUG - Clic de souris à (412,80, 352,80) - Mode: NORMAL, Click Count: 1
[2025-06-10 20:09:38] DEBUG - Début du dessin à (412,80, 352,80)
[2025-06-10 20:09:38] INFO - Forme ajoutée: Rectangle[x=412,80, y=352,80, width=52,80, height=41,60, color=0x000000ff]
[2025-06-10 20:09:38] INFO - 2D Rectangle added at (412,80, 352,80)
[2025-06-10 20:09:38] DEBUG - Clic de souris à (465,60, 394,40) - Mode: NORMAL, Click Count: 1
[2025-06-10 20:09:38] DEBUG - Début du dessin à (352,80, 312,00)
[2025-06-10 20:09:38] INFO - Forme ajoutée: Rectangle[x=352,80, y=312,00, width=0,00, height=0,00, color=0x000000ff]
[2025-06-10 20:09:38] INFO - 2D Rectangle added at (352,80, 312,00)
[2025-06-10 20:09:38] DEBUG - Clic de souris à (352,80, 312,00) - Mode: NORMAL, Click Count: 1
[2025-06-10 20:09:38] DEBUG - Début du dessin à (352,80, 312,00)
[2025-06-10 20:09:38] INFO - Forme ajoutée: Rectangle[x=352,80, y=312,00, width=57,60, height=9,60, color=0x000000ff]
[2025-06-10 20:09:38] INFO - 2D Rectangle added at (352,80, 312,00)
[2025-06-10 20:09:38] DEBUG - Clic de souris à (410,40, 321,60) - Mode: NORMAL, Click Count: 2
[2025-06-10 20:09:38] INFO - Forme supprimée: Rectangle[x=352,80, y=312,00, width=57,60, height=9,60, color=0x000000ff]
[2025-06-10 20:09:38] INFO - Forme supprimée par double-clic: Rectangle[x=352,80, y=312,00, width=57,60, height=9,60, color=0x000000ff]
[2025-06-10 20:09:38] DEBUG - Début du dessin à (458,40, 260,80)
[2025-06-10 20:09:38] INFO - Forme ajoutée: Rectangle[x=458,40, y=260,80, width=44,00, height=4,80, color=0x000000ff]
[2025-06-10 20:09:38] INFO - 2D Rectangle added at (458,40, 260,80)
[2025-06-10 20:09:38] DEBUG - Clic de souris à (502,40, 265,60) - Mode: NORMAL, Click Count: 1
[2025-06-10 20:09:39] DEBUG - Début du dessin à (570,40, 274,40)
[2025-06-10 20:09:39] INFO - Forme ajoutée: Rectangle[x=299,20, y=274,40, width=271,20, height=139,20, color=0x000000ff]
[2025-06-10 20:09:39] INFO - 2D Rectangle added at (299,20, 274,40)
[2025-06-10 20:09:39] DEBUG - Clic de souris à (299,20, 413,60) - Mode: NORMAL, Click Count: 1
=== Session de logging terminée le 2025-06-10 20:09:55 ===
