=== Session de logging démarrée le 2025-06-10 19:57:18 ===
[2025-06-10 19:57:18] INFO - TEST: FileLogger créé et fonctionnel
[2025-06-10 19:57:18] INFO - TEST: Basculement vers logging fichier réussi
[2025-06-10 19:57:18] INFO - Stratégie de logging changée: Fichier
[2025-06-10 19:57:19] DEBUG - Début du dessin à (232,80, 82,40)
[2025-06-10 19:57:19] INFO - Forme ajoutée: Rectangle[x=232,80, y=82,40, width=365,60, height=181,60, color=0x000000ff]
[2025-06-10 19:57:19] INFO - 2D Rectangle added at (232,80, 82,40)
[2025-06-10 19:57:19] DEBUG - Clic de souris à (598,40, 264,00) - Mode: NORMAL, Click Count: 1
[2025-06-10 19:57:20] DEBUG - Début du dessin à (222,40, 317,60)
[2025-06-10 19:57:20] INFO - Forme ajoutée: Rectangle[x=222,40, y=317,60, width=347,20, height=164,80, color=0x000000ff]
[2025-06-10 19:57:20] INFO - 2D Rectangle added at (222,40, 317,60)
[2025-06-10 19:57:20] DEBUG - Clic de souris à (569,60, 482,40) - Mode: NORMAL, Click Count: 1
[2025-06-10 19:57:20] DEBUG - Début du dessin à (228,80, 369,60)
[2025-06-10 19:57:21] INFO - Forme ajoutée: Rectangle[x=228,80, y=369,60, width=0,00, height=0,00, color=0x000000ff]
[2025-06-10 19:57:21] INFO - 2D Rectangle added at (228,80, 369,60)
[2025-06-10 19:57:21] DEBUG - Clic de souris à (228,80, 369,60) - Mode: NORMAL, Click Count: 1
[2025-06-10 19:57:21] DEBUG - Début du dessin à (256,80, 351,20)
[2025-06-10 19:57:21] INFO - Forme ajoutée: Rectangle[x=256,80, y=351,20, width=182,40, height=87,20, color=0x000000ff]
[2025-06-10 19:57:21] INFO - 2D Rectangle added at (256,80, 351,20)
[2025-06-10 19:57:21] DEBUG - Clic de souris à (439,20, 438,40) - Mode: NORMAL, Click Count: 1
[2025-06-10 19:57:22] DEBUG - Début du dessin à (188,00, 294,40)
[2025-06-10 19:57:22] INFO - Forme ajoutée: Rectangle[x=188,00, y=294,40, width=86,40, height=46,40, color=0x000000ff]
[2025-06-10 19:57:22] INFO - 2D Rectangle added at (188,00, 294,40)
[2025-06-10 19:57:22] DEBUG - Clic de souris à (274,40, 340,80) - Mode: NORMAL, Click Count: 1
[2025-06-10 19:57:22] DEBUG - Début du dessin à (128,00, 186,40)
[2025-06-10 19:57:23] INFO - Forme ajoutée: Rectangle[x=128,00, y=186,40, width=225,60, height=126,40, color=0x000000ff]
[2025-06-10 19:57:23] INFO - 2D Rectangle added at (128,00, 186,40)
[2025-06-10 19:57:23] DEBUG - Clic de souris à (353,60, 312,80) - Mode: NORMAL, Click Count: 1
[2025-06-10 19:57:23] DEBUG - Début du dessin à (150,40, 70,40)
[2025-06-10 19:57:23] INFO - Forme ajoutée: Rectangle[x=150,40, y=70,40, width=185,60, height=156,00, color=0x000000ff]
[2025-06-10 19:57:23] INFO - 2D Rectangle added at (150,40, 70,40)
[2025-06-10 19:57:23] DEBUG - Clic de souris à (336,00, 226,40) - Mode: NORMAL, Click Count: 1
[2025-06-10 19:57:24] DEBUG - Début du dessin à (205,60, 95,20)
[2025-06-10 19:57:24] INFO - Forme ajoutée: Rectangle[x=205,60, y=95,20, width=169,60, height=118,40, color=0x000000ff]
[2025-06-10 19:57:24] INFO - 2D Rectangle added at (205,60, 95,20)
[2025-06-10 19:57:24] DEBUG - Clic de souris à (375,20, 213,60) - Mode: NORMAL, Click Count: 1
=== Session de logging terminée le 2025-06-10 19:57:51 ===
