=== Session de logging démarrée le 2025-06-10 19:57:52 ===
[2025-06-10 19:57:52] INFO - TEST: FileLogger créé et fonctionnel
[2025-06-10 19:57:52] INFO - TEST: Basculement vers logging fichier réussi
[2025-06-10 19:57:52] INFO - Stratégie de logging changée: Fichier
[2025-06-10 19:57:53] DEBUG - Début du dessin à (85,60, 92,80)
[2025-06-10 19:57:53] INFO - Forme ajoutée: Rectangle[x=85,60, y=92,80, width=147,20, height=55,20, color=0x000000ff]
[2025-06-10 19:57:53] INFO - 2D Rectangle added at (85,60, 92,80)
[2025-06-10 19:57:53] DEBUG - Clic de souris à (232,80, 148,00) - Mode: NORMAL, Click Count: 1
[2025-06-10 19:57:53] DEBUG - Début du dessin à (62,40, 287,20)
[2025-06-10 19:57:53] INFO - Forme ajoutée: Rectangle[x=62,40, y=287,20, width=168,80, height=68,00, color=0x000000ff]
[2025-06-10 19:57:53] INFO - 2D Rectangle added at (62,40, 287,20)
[2025-06-10 19:57:53] DEBUG - Clic de souris à (231,20, 355,20) - Mode: NORMAL, Click Count: 1
[2025-06-10 19:57:54] DEBUG - Début du dessin à (223,20, 460,80)
[2025-06-10 19:57:54] INFO - Forme ajoutée: Rectangle[x=223,20, y=460,80, width=67,20, height=23,20, color=0x000000ff]
[2025-06-10 19:57:54] INFO - 2D Rectangle added at (223,20, 460,80)
[2025-06-10 19:57:54] DEBUG - Clic de souris à (290,40, 484,00) - Mode: NORMAL, Click Count: 1
[2025-06-10 19:57:54] DEBUG - Début du dessin à (135,20, 528,80)
[2025-06-10 19:57:55] INFO - Forme ajoutée: Rectangle[x=135,20, y=519,20, width=28,00, height=9,60, color=0x000000ff]
[2025-06-10 19:57:55] INFO - 2D Rectangle added at (135,20, 519,20)
[2025-06-10 19:57:55] DEBUG - Clic de souris à (163,20, 519,20) - Mode: NORMAL, Click Count: 1
[2025-06-10 19:57:55] DEBUG - Début du dessin à (146,40, 96,80)
[2025-06-10 19:57:55] INFO - Forme ajoutée: Rectangle[x=146,40, y=96,80, width=0,00, height=0,00, color=0x000000ff]
[2025-06-10 19:57:55] INFO - 2D Rectangle added at (146,40, 96,80)
[2025-06-10 19:57:55] DEBUG - Clic de souris à (146,40, 96,80) - Mode: NORMAL, Click Count: 1
[2025-06-10 19:57:56] DEBUG - Début du dessin à (85,60, 93,60)
[2025-06-10 19:57:56] INFO - Forme ajoutée: Rectangle[x=85,60, y=93,60, width=72,00, height=189,60, color=0x000000ff]
[2025-06-10 19:57:56] INFO - 2D Rectangle added at (85,60, 93,60)
[2025-06-10 19:57:56] DEBUG - Clic de souris à (157,60, 283,20) - Mode: NORMAL, Click Count: 1
[2025-06-10 19:57:57] DEBUG - Début du dessin à (61,60, 63,20)
[2025-06-10 19:57:57] INFO - Forme ajoutée: Rectangle[x=61,60, y=63,20, width=4,80, height=29,60, color=0x000000ff]
[2025-06-10 19:57:57] INFO - 2D Rectangle added at (61,60, 63,20)
[2025-06-10 19:57:57] DEBUG - Clic de souris à (66,40, 92,80) - Mode: NORMAL, Click Count: 1
=== Session de logging terminée le 2025-06-10 19:59:41 ===
